2020-12-18 20:09:20,592 INFO org.springframework.boot.test.context.SpringBootTestContextBootstrapper [main] Neither @ContextConfiguration nor @ContextHierarchy found for test class [com.example.test.SpringBootTests], using SpringBootContextLoader
2020-12-18 20:09:20,875 INFO org.springframework.test.context.support.AbstractContextLoader [main] Could not detect default resource locations for test class [com.example.test.SpringBootTests]: no resource found for suffixes {-context.xml, Context.groovy}.
2020-12-18 20:09:20,882 INFO org.springframework.test.context.support.AnnotationConfigContextLoaderUtils [main] Could not detect default configuration classes for test class [com.example.test.SpringBootTests]: SpringBootTests does not declare any static, non-private, non-final, nested classes annotated with @Configuration.
2020-12-18 20:09:21,689 INFO org.springframework.boot.test.context.SpringBootTestContextBootstrapper [main] Found @SpringBootConfiguration com.example.ImptProjectApplication for test class com.example.test.SpringBootTests
2020-12-18 20:09:21,726 INFO org.springframework.boot.test.context.SpringBootTestContextBootstrapper [main] Loaded default TestExecutionListener class names from location [META-INF/spring.factories]: [org.springframework.boot.test.mock.mockito.MockitoTestExecutionListener, org.springframework.boot.test.mock.mockito.ResetMocksTestExecutionListener, org.springframework.boot.test.autoconfigure.restdocs.RestDocsTestExecutionListener, org.springframework.boot.test.autoconfigure.web.client.MockRestServiceServerResetTestExecutionListener, org.springframework.boot.test.autoconfigure.web.servlet.MockMvcPrintOnlyOnFailureTestExecutionListener, org.springframework.boot.test.autoconfigure.web.servlet.WebDriverTestExecutionListener, org.springframework.test.context.web.ServletTestExecutionListener, org.springframework.test.context.support.DirtiesContextBeforeModesTestExecutionListener, org.springframework.test.context.support.DependencyInjectionTestExecutionListener, org.springframework.test.context.support.DirtiesContextTestExecutionListener, org.springframework.test.context.transaction.TransactionalTestExecutionListener, org.springframework.test.context.jdbc.SqlScriptsTestExecutionListener]
2020-12-18 20:09:21,832 INFO org.springframework.boot.test.context.SpringBootTestContextBootstrapper [main] Using TestExecutionListeners: [org.springframework.test.context.web.ServletTestExecutionListener@6973bf95, org.springframework.test.context.support.DirtiesContextBeforeModesTestExecutionListener@2ddc8ecb, org.springframework.boot.test.autoconfigure.SpringBootDependencyInjectionTestExecutionListener@229d10bd, org.springframework.test.context.support.DirtiesContextTestExecutionListener@47542153, org.springframework.test.context.transaction.TransactionalTestExecutionListener@33afa13b, org.springframework.test.context.jdbc.SqlScriptsTestExecutionListener@7a4ccb53, org.springframework.boot.test.mock.mockito.ResetMocksTestExecutionListener@309e345f, org.springframework.boot.test.autoconfigure.web.servlet.WebDriverTestExecutionListener@56a6d5a6, org.springframework.boot.test.autoconfigure.web.client.MockRestServiceServerResetTestExecutionListener@18ce0030, org.springframework.boot.test.autoconfigure.restdocs.RestDocsTestExecutionListener@4445629, org.springframework.boot.test.autoconfigure.web.servlet.MockMvcPrintOnlyOnFailureTestExecutionListener@45b9a632, org.springframework.boot.test.mock.mockito.MockitoTestExecutionListener@25d250c6]
2020-12-18 20:09:21,856 INFO org.springframework.boot.test.context.SpringBootTestContextBootstrapper [main] Neither @ContextConfiguration nor @ContextHierarchy found for test class [com.example.test.SpringBootTests], using SpringBootContextLoader
2020-12-18 20:09:21,860 INFO org.springframework.test.context.support.AbstractContextLoader [main] Could not detect default resource locations for test class [com.example.test.SpringBootTests]: no resource found for suffixes {-context.xml, Context.groovy}.
2020-12-18 20:09:21,860 INFO org.springframework.test.context.support.AnnotationConfigContextLoaderUtils [main] Could not detect default configuration classes for test class [com.example.test.SpringBootTests]: SpringBootTests does not declare any static, non-private, non-final, nested classes annotated with @Configuration.
2020-12-18 20:09:21,906 INFO org.springframework.boot.test.context.SpringBootTestContextBootstrapper [main] Found @SpringBootConfiguration com.example.ImptProjectApplication for test class com.example.test.SpringBootTests
2020-12-18 20:09:21,933 INFO org.springframework.boot.test.context.SpringBootTestContextBootstrapper [main] Loaded default TestExecutionListener class names from location [META-INF/spring.factories]: [org.springframework.boot.test.mock.mockito.MockitoTestExecutionListener, org.springframework.boot.test.mock.mockito.ResetMocksTestExecutionListener, org.springframework.boot.test.autoconfigure.restdocs.RestDocsTestExecutionListener, org.springframework.boot.test.autoconfigure.web.client.MockRestServiceServerResetTestExecutionListener, org.springframework.boot.test.autoconfigure.web.servlet.MockMvcPrintOnlyOnFailureTestExecutionListener, org.springframework.boot.test.autoconfigure.web.servlet.WebDriverTestExecutionListener, org.springframework.test.context.web.ServletTestExecutionListener, org.springframework.test.context.support.DirtiesContextBeforeModesTestExecutionListener, org.springframework.test.context.support.DependencyInjectionTestExecutionListener, org.springframework.test.context.support.DirtiesContextTestExecutionListener, org.springframework.test.context.transaction.TransactionalTestExecutionListener, org.springframework.test.context.jdbc.SqlScriptsTestExecutionListener]
2020-12-18 20:09:21,946 INFO org.springframework.boot.test.context.SpringBootTestContextBootstrapper [main] Using TestExecutionListeners: [org.springframework.test.context.web.ServletTestExecutionListener@47d90b9e, org.springframework.test.context.support.DirtiesContextBeforeModesTestExecutionListener@1184ab05, org.springframework.boot.test.autoconfigure.SpringBootDependencyInjectionTestExecutionListener@3aefe5e5, org.springframework.test.context.support.DirtiesContextTestExecutionListener@149e0f5d, org.springframework.test.context.transaction.TransactionalTestExecutionListener@1b1473ab, org.springframework.test.context.jdbc.SqlScriptsTestExecutionListener@2f7c2f4f, org.springframework.boot.test.mock.mockito.ResetMocksTestExecutionListener@6af93788, org.springframework.boot.test.autoconfigure.web.servlet.WebDriverTestExecutionListener@ef9296d, org.springframework.boot.test.autoconfigure.web.client.MockRestServiceServerResetTestExecutionListener@36c88a32, org.springframework.boot.test.autoconfigure.restdocs.RestDocsTestExecutionListener@7880cdf3, org.springframework.boot.test.autoconfigure.web.servlet.MockMvcPrintOnlyOnFailureTestExecutionListener@5be6e01c, org.springframework.boot.test.mock.mockito.MockitoTestExecutionListener@1c93084c]
2020-12-18 20:09:24,262 INFO com.example.test.SpringBootTests [main] Starting SpringBootTests on HP-PC with PID 7740 (started by HP in C:\Users\HP\Desktop\sbws\project\SBLogin)
2020-12-18 20:09:24,263 DEBUG com.example.test.SpringBootTests [main] Running with Spring Boot v1.5.9.RELEASE, Spring v4.3.3.RELEASE
2020-12-18 20:09:24,288 INFO com.example.test.SpringBootTests [main] No active profile set, falling back to default profiles: default
2020-12-18 20:09:25,682 INFO org.springframework.web.context.support.GenericWebApplicationContext [main] Refreshing org.springframework.web.context.support.GenericWebApplicationContext@16a0ee18: startup date [Fri Dec 18 20:09:25 IST 2020]; root of context hierarchy
2020-12-18 20:09:28,103 INFO org.hibernate.validator.internal.util.Version [background-preinit] HV000001: Hibernate Validator 5.3.6.Final
2020-12-18 20:09:34,668 INFO org.springframework.web.servlet.mvc.method.annotation.RequestMappingHandlerAdapter [main] Looking for @ControllerAdvice: org.springframework.web.context.support.GenericWebApplicationContext@16a0ee18: startup date [Fri Dec 18 20:09:25 IST 2020]; root of context hierarchy
2020-12-18 20:09:35,048 INFO org.springframework.web.servlet.mvc.method.annotation.RequestMappingHandlerMapping [main] Mapped "{[/]}" onto public org.springframework.web.servlet.ModelAndView com.example.controller.MyController.homePage(org.springframework.ui.Model,javax.servlet.http.HttpSession)
2020-12-18 20:09:35,052 INFO org.springframework.web.servlet.mvc.method.annotation.RequestMappingHandlerMapping [main] Mapped "{[/login],methods=[GET]}" onto public org.springframework.web.servlet.ModelAndView com.example.controller.MyController.loginForm(org.springframework.ui.Model,javax.servlet.http.HttpSession)
2020-12-18 20:09:35,054 INFO org.springframework.web.servlet.mvc.method.annotation.RequestMappingHandlerMapping [main] Mapped "{[/validateUser],methods=[POST]}" onto public org.springframework.web.servlet.ModelAndView com.example.controller.MyController.validateUser(org.springframework.ui.ModelMap,com.example.pojo.Login,org.springframework.validation.BindingResult,javax.servlet.http.HttpSession)
2020-12-18 20:09:35,054 INFO org.springframework.web.servlet.mvc.method.annotation.RequestMappingHandlerMapping [main] Mapped "{[/logout],methods=[GET]}" onto public org.springframework.web.servlet.ModelAndView com.example.controller.MyController.logoutPage(javax.servlet.http.HttpServletRequest,javax.servlet.http.HttpServletResponse,org.springframework.ui.Model,javax.servlet.http.HttpSession)
2020-12-18 20:09:35,056 INFO org.springframework.web.servlet.mvc.method.annotation.RequestMappingHandlerMapping [main] Mapped "{[/githubUserInfoPage],methods=[POST]}" onto public org.springframework.web.servlet.ModelAndView com.example.controller.MyController.githubUserInfoPage(org.springframework.ui.Model,com.example.pojo.Login,org.springframework.validation.BindingResult,com.example.user.GithubUser,javax.servlet.http.HttpSession)
2020-12-18 20:09:35,059 INFO org.springframework.web.servlet.mvc.method.annotation.RequestMappingHandlerMapping [main] Mapped "{[/error]}" onto public java.lang.String com.example.controller.MyErrorController.handleError(javax.servlet.http.HttpServletRequest)
2020-12-18 20:09:35,238 INFO org.springframework.web.servlet.handler.SimpleUrlHandlerMapping [main] Mapped URL path [/webjars/**] onto handler of type [class org.springframework.web.servlet.resource.ResourceHttpRequestHandler]
2020-12-18 20:09:35,239 INFO org.springframework.web.servlet.handler.SimpleUrlHandlerMapping [main] Mapped URL path [/**] onto handler of type [class org.springframework.web.servlet.resource.ResourceHttpRequestHandler]
2020-12-18 20:09:35,474 INFO org.springframework.web.servlet.handler.SimpleUrlHandlerMapping [main] Mapped URL path [/**/favicon.ico] onto handler of type [class org.springframework.web.servlet.resource.ResourceHttpRequestHandler]
2020-12-18 20:09:35,673 WARN org.thymeleaf.templatemode.TemplateMode [main] [THYMELEAF][main] Template Mode 'HTML5' is deprecated. Using Template Mode 'HTML' instead.
2020-12-18 20:09:36,987 INFO org.springframework.boot.autoconfigure.web.WebMvcAutoConfiguration$WelcomePageHandlerMapping [main] Adding welcome page: class path resource [static/index.html]
2020-12-18 20:09:37,706 INFO com.example.test.SpringBootTests [main] Started SpringBootTests in 15.186 seconds (JVM running for 19.861)
2020-12-18 20:09:41,814 INFO org.springframework.web.context.support.GenericWebApplicationContext [Thread-2] Closing org.springframework.web.context.support.GenericWebApplicationContext@16a0ee18: startup date [Fri Dec 18 20:09:25 IST 2020]; root of context hierarchy
2020-12-18 20:12:26,661 INFO com.example.ImptProjectApplication [main] Starting ImptProjectApplication on HP-PC with PID 8732 (C:\Users\HP\Desktop\sbws\project\SBLogin\target\classes started by HP in C:\Users\HP\Desktop\sbws\project\SBLogin)
2020-12-18 20:12:26,669 DEBUG com.example.ImptProjectApplication [main] Running with Spring Boot v1.5.9.RELEASE, Spring v4.3.3.RELEASE
2020-12-18 20:12:26,669 INFO com.example.ImptProjectApplication [main] No active profile set, falling back to default profiles: default
2020-12-18 20:12:27,719 INFO org.springframework.boot.context.embedded.AnnotationConfigEmbeddedWebApplicationContext [main] Refreshing org.springframework.boot.context.embedded.AnnotationConfigEmbeddedWebApplicationContext@2cbb3d47: startup date [Fri Dec 18 20:12:27 IST 2020]; root of context hierarchy
2020-12-18 20:12:27,980 INFO org.hibernate.validator.internal.util.Version [background-preinit] HV000001: Hibernate Validator 5.3.6.Final
2020-12-18 20:12:35,604 INFO org.springframework.boot.context.embedded.tomcat.TomcatEmbeddedServletContainer [main] Tomcat initialized with port(s): 5002 (http)
2020-12-18 20:12:35,735 INFO org.apache.catalina.core.StandardService [main] Starting service [Tomcat]
2020-12-18 20:12:35,741 INFO org.apache.catalina.core.StandardEngine [main] Starting Servlet Engine: Apache Tomcat/8.5.23
2020-12-18 20:12:36,716 INFO org.apache.catalina.core.ContainerBase.[Tomcat].[localhost].[/] [localhost-startStop-1] Initializing Spring embedded WebApplicationContext
2020-12-18 20:12:36,718 INFO org.springframework.web.context.ContextLoader [localhost-startStop-1] Root WebApplicationContext: initialization completed in 9000 ms
2020-12-18 20:12:37,662 INFO org.springframework.boot.web.servlet.ServletRegistrationBean [localhost-startStop-1] Mapping servlet: 'dispatcherServlet' to [/]
2020-12-18 20:12:37,683 INFO org.springframework.boot.web.servlet.FilterRegistrationBean [localhost-startStop-1] Mapping filter: 'characterEncodingFilter' to: [/*]
2020-12-18 20:12:37,685 INFO org.springframework.boot.web.servlet.FilterRegistrationBean [localhost-startStop-1] Mapping filter: 'hiddenHttpMethodFilter' to: [/*]
2020-12-18 20:12:37,687 INFO org.springframework.boot.web.servlet.FilterRegistrationBean [localhost-startStop-1] Mapping filter: 'httpPutFormContentFilter' to: [/*]
2020-12-18 20:12:37,688 INFO org.springframework.boot.web.servlet.FilterRegistrationBean [localhost-startStop-1] Mapping filter: 'requestContextFilter' to: [/*]
2020-12-18 20:12:39,202 INFO org.springframework.web.servlet.mvc.method.annotation.RequestMappingHandlerAdapter [main] Looking for @ControllerAdvice: org.springframework.boot.context.embedded.AnnotationConfigEmbeddedWebApplicationContext@2cbb3d47: startup date [Fri Dec 18 20:12:27 IST 2020]; root of context hierarchy
2020-12-18 20:12:39,453 INFO org.springframework.web.servlet.mvc.method.annotation.RequestMappingHandlerMapping [main] Mapped "{[/githubUserInfoPage],methods=[POST]}" onto public org.springframework.web.servlet.ModelAndView com.example.controller.MyController.githubUserInfoPage(org.springframework.ui.Model,com.example.pojo.Login,org.springframework.validation.BindingResult,com.example.user.GithubUser,javax.servlet.http.HttpSession)
2020-12-18 20:12:39,456 INFO org.springframework.web.servlet.mvc.method.annotation.RequestMappingHandlerMapping [main] Mapped "{[/]}" onto public org.springframework.web.servlet.ModelAndView com.example.controller.MyController.homePage(org.springframework.ui.Model,javax.servlet.http.HttpSession)
2020-12-18 20:12:39,457 INFO org.springframework.web.servlet.mvc.method.annotation.RequestMappingHandlerMapping [main] Mapped "{[/login],methods=[GET]}" onto public org.springframework.web.servlet.ModelAndView com.example.controller.MyController.loginForm(org.springframework.ui.Model,javax.servlet.http.HttpSession)
2020-12-18 20:12:39,458 INFO org.springframework.web.servlet.mvc.method.annotation.RequestMappingHandlerMapping [main] Mapped "{[/validateUser],methods=[POST]}" onto public org.springframework.web.servlet.ModelAndView com.example.controller.MyController.validateUser(org.springframework.ui.ModelMap,com.example.pojo.Login,org.springframework.validation.BindingResult,javax.servlet.http.HttpSession)
2020-12-18 20:12:39,459 INFO org.springframework.web.servlet.mvc.method.annotation.RequestMappingHandlerMapping [main] Mapped "{[/logout],methods=[GET]}" onto public org.springframework.web.servlet.ModelAndView com.example.controller.MyController.logoutPage(javax.servlet.http.HttpServletRequest,javax.servlet.http.HttpServletResponse,org.springframework.ui.Model,javax.servlet.http.HttpSession)
2020-12-18 20:12:39,461 INFO org.springframework.web.servlet.mvc.method.annotation.RequestMappingHandlerMapping [main] Mapped "{[/error]}" onto public java.lang.String com.example.controller.MyErrorController.handleError(javax.servlet.http.HttpServletRequest)
2020-12-18 20:12:39,561 INFO org.springframework.web.servlet.handler.SimpleUrlHandlerMapping [main] Mapped URL path [/webjars/**] onto handler of type [class org.springframework.web.servlet.resource.ResourceHttpRequestHandler]
2020-12-18 20:12:39,562 INFO org.springframework.web.servlet.handler.SimpleUrlHandlerMapping [main] Mapped URL path [/**] onto handler of type [class org.springframework.web.servlet.resource.ResourceHttpRequestHandler]
2020-12-18 20:12:39,794 INFO org.springframework.web.servlet.handler.SimpleUrlHandlerMapping [main] Mapped URL path [/**/favicon.ico] onto handler of type [class org.springframework.web.servlet.resource.ResourceHttpRequestHandler]
2020-12-18 20:12:39,962 WARN org.thymeleaf.templatemode.TemplateMode [main] [THYMELEAF][main] Template Mode 'HTML5' is deprecated. Using Template Mode 'HTML' instead.
2020-12-18 20:12:40,856 INFO org.springframework.boot.autoconfigure.web.WebMvcAutoConfiguration$WelcomePageHandlerMapping [main] Adding welcome page: class path resource [static/index.html]
2020-12-18 20:12:41,790 INFO org.springframework.jmx.export.annotation.AnnotationMBeanExporter [main] Registering beans for JMX exposure on startup
2020-12-18 20:12:41,864 INFO org.apache.coyote.http11.Http11NioProtocol [main] Initializing ProtocolHandler ["http-nio-5002"]
2020-12-18 20:12:41,894 INFO org.apache.coyote.http11.Http11NioProtocol [main] Starting ProtocolHandler ["http-nio-5002"]
2020-12-18 20:12:42,338 INFO org.apache.tomcat.util.net.NioSelectorPool [main] Using a shared selector for servlet write/read
2020-12-18 20:12:42,483 INFO org.springframework.boot.context.embedded.tomcat.TomcatEmbeddedServletContainer [main] Tomcat started on port(s): 5002 (http)
2020-12-18 20:12:42,498 INFO com.example.ImptProjectApplication [main] Started ImptProjectApplication in 17.079 seconds (JVM running for 21.609)
2020-12-18 20:35:56,246 INFO org.springframework.boot.admin.SpringApplicationAdminMXBeanRegistrar$SpringApplicationAdmin [RMI TCP Connection(35)-127.0.0.1] Application shutdown requested.
2020-12-18 20:35:56,246 INFO org.springframework.boot.context.embedded.AnnotationConfigEmbeddedWebApplicationContext [RMI TCP Connection(35)-127.0.0.1] Closing org.springframework.boot.context.embedded.AnnotationConfigEmbeddedWebApplicationContext@2cbb3d47: startup date [Fri Dec 18 20:12:27 IST 2020]; root of context hierarchy
2020-12-18 20:35:56,256 INFO org.springframework.jmx.export.annotation.AnnotationMBeanExporter [RMI TCP Connection(35)-127.0.0.1] Unregistering JMX-exposed beans on shutdown
2020-12-18 20:36:06,137 INFO com.example.ImptProjectApplication [main] Starting ImptProjectApplication on HP-PC with PID 8012 (C:\Users\HP\Desktop\sbws\project\SBLogin\target\classes started by HP in C:\Users\HP\Desktop\sbws\project\SBLogin)
2020-12-18 20:36:06,153 DEBUG com.example.ImptProjectApplication [main] Running with Spring Boot v1.5.9.RELEASE, Spring v4.3.3.RELEASE
2020-12-18 20:36:06,153 INFO com.example.ImptProjectApplication [main] No active profile set, falling back to default profiles: default
2020-12-18 20:36:06,978 INFO org.springframework.boot.context.embedded.AnnotationConfigEmbeddedWebApplicationContext [main] Refreshing org.springframework.boot.context.embedded.AnnotationConfigEmbeddedWebApplicationContext@2cbb3d47: startup date [Fri Dec 18 20:36:06 IST 2020]; root of context hierarchy
2020-12-18 20:36:07,398 INFO org.hibernate.validator.internal.util.Version [background-preinit] HV000001: Hibernate Validator 5.3.6.Final
2020-12-18 20:36:12,477 INFO org.springframework.boot.context.embedded.tomcat.TomcatEmbeddedServletContainer [main] Tomcat initialized with port(s): 5002 (http)
2020-12-18 20:36:12,527 INFO org.apache.catalina.core.StandardService [main] Starting service [Tomcat]
2020-12-18 20:36:12,532 INFO org.apache.catalina.core.StandardEngine [main] Starting Servlet Engine: Apache Tomcat/8.5.23
2020-12-18 20:36:13,052 INFO org.apache.catalina.core.ContainerBase.[Tomcat].[localhost].[/] [localhost-startStop-1] Initializing Spring embedded WebApplicationContext
2020-12-18 20:36:13,057 INFO org.springframework.web.context.ContextLoader [localhost-startStop-1] Root WebApplicationContext: initialization completed in 6079 ms
2020-12-18 20:36:13,982 INFO org.springframework.boot.web.servlet.ServletRegistrationBean [localhost-startStop-1] Mapping servlet: 'dispatcherServlet' to [/]
2020-12-18 20:36:14,002 INFO org.springframework.boot.web.servlet.FilterRegistrationBean [localhost-startStop-1] Mapping filter: 'characterEncodingFilter' to: [/*]
2020-12-18 20:36:14,002 INFO org.springframework.boot.web.servlet.FilterRegistrationBean [localhost-startStop-1] Mapping filter: 'hiddenHttpMethodFilter' to: [/*]
2020-12-18 20:36:14,002 INFO org.springframework.boot.web.servlet.FilterRegistrationBean [localhost-startStop-1] Mapping filter: 'httpPutFormContentFilter' to: [/*]
2020-12-18 20:36:14,002 INFO org.springframework.boot.web.servlet.FilterRegistrationBean [localhost-startStop-1] Mapping filter: 'requestContextFilter' to: [/*]
2020-12-18 20:36:15,687 INFO org.springframework.web.servlet.mvc.method.annotation.RequestMappingHandlerAdapter [main] Looking for @ControllerAdvice: org.springframework.boot.context.embedded.AnnotationConfigEmbeddedWebApplicationContext@2cbb3d47: startup date [Fri Dec 18 20:36:06 IST 2020]; root of context hierarchy
2020-12-18 20:36:16,032 INFO org.springframework.web.servlet.mvc.method.annotation.RequestMappingHandlerMapping [main] Mapped "{[/githubUserInfoPage],methods=[POST]}" onto public org.springframework.web.servlet.ModelAndView com.example.controller.MyController.githubUserInfoPage(org.springframework.ui.Model,com.example.pojo.Login,org.springframework.validation.BindingResult,com.example.user.GithubUser,javax.servlet.http.HttpSession)
2020-12-18 20:36:16,032 INFO org.springframework.web.servlet.mvc.method.annotation.RequestMappingHandlerMapping [main] Mapped "{[/]}" onto public org.springframework.web.servlet.ModelAndView com.example.controller.MyController.homePage(org.springframework.ui.Model,javax.servlet.http.HttpSession)
2020-12-18 20:36:16,037 INFO org.springframework.web.servlet.mvc.method.annotation.RequestMappingHandlerMapping [main] Mapped "{[/login],methods=[GET]}" onto public org.springframework.web.servlet.ModelAndView com.example.controller.MyController.loginForm(org.springframework.ui.Model,javax.servlet.http.HttpSession)
2020-12-18 20:36:16,037 INFO org.springframework.web.servlet.mvc.method.annotation.RequestMappingHandlerMapping [main] Mapped "{[/validateUser],methods=[POST]}" onto public org.springframework.web.servlet.ModelAndView com.example.controller.MyController.validateUser(org.springframework.ui.ModelMap,com.example.pojo.Login,org.springframework.validation.BindingResult,javax.servlet.http.HttpSession)
2020-12-18 20:36:16,037 INFO org.springframework.web.servlet.mvc.method.annotation.RequestMappingHandlerMapping [main] Mapped "{[/logout],methods=[GET]}" onto public org.springframework.web.servlet.ModelAndView com.example.controller.MyController.logoutPage(javax.servlet.http.HttpServletRequest,javax.servlet.http.HttpServletResponse,org.springframework.ui.Model,javax.servlet.http.HttpSession)
2020-12-18 20:36:16,037 INFO org.springframework.web.servlet.mvc.method.annotation.RequestMappingHandlerMapping [main] Mapped "{[/error]}" onto public java.lang.String com.example.controller.MyErrorController.handleError(javax.servlet.http.HttpServletRequest)
2020-12-18 20:36:16,177 INFO org.springframework.web.servlet.handler.SimpleUrlHandlerMapping [main] Mapped URL path [/webjars/**] onto handler of type [class org.springframework.web.servlet.resource.ResourceHttpRequestHandler]
2020-12-18 20:36:16,177 INFO org.springframework.web.servlet.handler.SimpleUrlHandlerMapping [main] Mapped URL path [/**] onto handler of type [class org.springframework.web.servlet.resource.ResourceHttpRequestHandler]
2020-12-18 20:36:16,477 INFO org.springframework.web.servlet.handler.SimpleUrlHandlerMapping [main] Mapped URL path [/**/favicon.ico] onto handler of type [class org.springframework.web.servlet.resource.ResourceHttpRequestHandler]
2020-12-18 20:36:16,842 WARN org.thymeleaf.templatemode.TemplateMode [main] [THYMELEAF][main] Template Mode 'HTML5' is deprecated. Using Template Mode 'HTML' instead.
2020-12-18 20:36:20,287 INFO org.springframework.boot.autoconfigure.web.WebMvcAutoConfiguration$WelcomePageHandlerMapping [main] Adding welcome page: class path resource [static/index.html]
2020-12-18 20:36:22,917 INFO org.springframework.jmx.export.annotation.AnnotationMBeanExporter [main] Registering beans for JMX exposure on startup
2020-12-18 20:36:23,087 INFO org.apache.coyote.http11.Http11NioProtocol [main] Initializing ProtocolHandler ["http-nio-5002"]
2020-12-18 20:36:23,172 INFO org.apache.coyote.http11.Http11NioProtocol [main] Starting ProtocolHandler ["http-nio-5002"]
2020-12-18 20:36:23,482 INFO org.apache.tomcat.util.net.NioSelectorPool [main] Using a shared selector for servlet write/read
2020-12-18 20:36:23,697 INFO org.springframework.boot.context.embedded.tomcat.TomcatEmbeddedServletContainer [main] Tomcat started on port(s): 5002 (http)
2020-12-18 20:36:23,752 INFO com.example.ImptProjectApplication [main] Started ImptProjectApplication in 18.681 seconds (JVM running for 22.3)
2020-12-18 20:36:40,267 INFO org.apache.catalina.core.ContainerBase.[Tomcat].[localhost].[/] [http-nio-5002-exec-1] Initializing Spring FrameworkServlet 'dispatcherServlet'
2020-12-18 20:36:40,272 INFO org.springframework.web.servlet.DispatcherServlet [http-nio-5002-exec-1] FrameworkServlet 'dispatcherServlet': initialization started
2020-12-18 20:36:40,402 INFO org.springframework.web.servlet.DispatcherServlet [http-nio-5002-exec-1] FrameworkServlet 'dispatcherServlet': initialization completed in 130 ms
2020-12-18 20:36:40,672 INFO com.example.controller.MyController [http-nio-5002-exec-1] homePage()
2020-12-18 20:36:51,652 INFO com.example.controller.MyController [http-nio-5002-exec-6] bindingResult err is nnjnj
2020-12-18 20:36:58,542 INFO com.example.controller.MyController [http-nio-5002-exec-8] bindingResult err is vijay_123nknk
2020-12-18 20:37:12,862 INFO com.example.controller.MyController [http-nio-5002-exec-5] GitHub Full Link is   : https://api.github.com/users/asnasnanc
2020-12-18 20:37:16,667 ERROR com.example.controller.MyController [http-nio-5002-exec-5] HttpClientErrorException occurred 
2020-12-18 20:37:22,658 INFO com.example.controller.MyController [http-nio-5002-exec-7] GitHub Full Link is   : https://api.github.com/users/vvijaycse97
2020-12-18 20:37:23,463 INFO com.example.controller.MyController [http-nio-5002-exec-7] User Details:    GithubUser [login=vvijaycse97, email=null, company=null, location=null, createdAt=2018-11-02T14:07:47Z, updatedAt=2020-11-10T01:13:44Z, publicRepos=2]
2020-12-18 20:37:23,468 INFO com.example.controller.MyController [http-nio-5002-exec-7] user entered github user login name  -->vvijaycse97
2020-12-18 20:37:23,468 INFO com.example.controller.MyController [http-nio-5002-exec-7]  github api user login name   -->vvijaycse97
2020-12-18 20:37:32,303 INFO com.example.controller.MyController [http-nio-5002-exec-9] GitHub Full Link is   : https://api.github.com/users/srikanthpragada
2020-12-18 20:37:32,988 INFO com.example.controller.MyController [http-nio-5002-exec-9] User Details:    GithubUser [login=srikanthpragada, email=null, company=Srikanth Technologies, location=Visakhapatnam, Andhra Pradesh, India, createdAt=2015-02-27T18:37:39Z, updatedAt=2020-12-17T14:27:03Z, publicRepos=221]
2020-12-18 20:37:32,988 INFO com.example.controller.MyController [http-nio-5002-exec-9] user entered github user login name  -->srikanthpragada
2020-12-18 20:37:32,993 INFO com.example.controller.MyController [http-nio-5002-exec-9]  github api user login name   -->srikanthpragada
2020-12-18 20:37:36,098 INFO com.example.controller.MyController [http-nio-5002-exec-10] Inside logoutPage()
2020-12-18 20:37:38,528 INFO com.example.controller.MyController [http-nio-5002-exec-1] loginForm()
2020-12-18 20:37:42,633 ERROR com.example.controller.MyErrorController [http-nio-5002-exec-4] Error Page Request Handle!!! 
2020-12-18 20:37:42,633 ERROR com.example.controller.MyErrorController [http-nio-5002-exec-4] Error Status Code -->404
2020-12-18 20:37:49,938 INFO com.example.controller.MyController [http-nio-5002-exec-6] loginForm()
2020-12-18 20:38:43,344 ERROR com.example.controller.MyErrorController [http-nio-5002-exec-3] Error Page Request Handle!!! 
2020-12-18 20:38:43,344 ERROR com.example.controller.MyErrorController [http-nio-5002-exec-3] Error Status Code -->404
2020-12-18 20:38:47,249 ERROR com.example.controller.MyErrorController [http-nio-5002-exec-7] Error Page Request Handle!!! 
2020-12-18 20:38:47,254 ERROR com.example.controller.MyErrorController [http-nio-5002-exec-7] Error Status Code -->404
2020-12-18 20:45:32,210 INFO org.springframework.boot.test.context.SpringBootTestContextBootstrapper [main] Neither @ContextConfiguration nor @ContextHierarchy found for test class [com.example.test.SpringBootTests], using SpringBootContextLoader
2020-12-18 20:45:32,255 INFO org.springframework.test.context.support.AbstractContextLoader [main] Could not detect default resource locations for test class [com.example.test.SpringBootTests]: no resource found for suffixes {-context.xml, Context.groovy}.
2020-12-18 20:45:32,260 INFO org.springframework.test.context.support.AnnotationConfigContextLoaderUtils [main] Could not detect default configuration classes for test class [com.example.test.SpringBootTests]: SpringBootTests does not declare any static, non-private, non-final, nested classes annotated with @Configuration.
2020-12-18 20:45:33,986 INFO org.springframework.boot.test.context.SpringBootTestContextBootstrapper [main] Found @SpringBootConfiguration com.example.ImptProjectApplication for test class com.example.test.SpringBootTests
2020-12-18 20:45:34,048 INFO org.springframework.boot.test.context.SpringBootTestContextBootstrapper [main] Loaded default TestExecutionListener class names from location [META-INF/spring.factories]: [org.springframework.boot.test.mock.mockito.MockitoTestExecutionListener, org.springframework.boot.test.mock.mockito.ResetMocksTestExecutionListener, org.springframework.boot.test.autoconfigure.restdocs.RestDocsTestExecutionListener, org.springframework.boot.test.autoconfigure.web.client.MockRestServiceServerResetTestExecutionListener, org.springframework.boot.test.autoconfigure.web.servlet.MockMvcPrintOnlyOnFailureTestExecutionListener, org.springframework.boot.test.autoconfigure.web.servlet.WebDriverTestExecutionListener, org.springframework.test.context.web.ServletTestExecutionListener, org.springframework.test.context.support.DirtiesContextBeforeModesTestExecutionListener, org.springframework.test.context.support.DependencyInjectionTestExecutionListener, org.springframework.test.context.support.DirtiesContextTestExecutionListener, org.springframework.test.context.transaction.TransactionalTestExecutionListener, org.springframework.test.context.jdbc.SqlScriptsTestExecutionListener]
2020-12-18 20:45:34,173 INFO org.springframework.boot.test.context.SpringBootTestContextBootstrapper [main] Using TestExecutionListeners: [org.springframework.test.context.web.ServletTestExecutionListener@358ee631, org.springframework.test.context.support.DirtiesContextBeforeModesTestExecutionListener@ec756bd, org.springframework.boot.test.autoconfigure.SpringBootDependencyInjectionTestExecutionListener@3c72f59f, org.springframework.test.context.support.DirtiesContextTestExecutionListener@60dcc9fe, org.springframework.test.context.transaction.TransactionalTestExecutionListener@222114ba, org.springframework.test.context.jdbc.SqlScriptsTestExecutionListener@16e7dcfd, org.springframework.boot.test.mock.mockito.ResetMocksTestExecutionListener@3d121db3, org.springframework.boot.test.autoconfigure.web.client.MockRestServiceServerResetTestExecutionListener@3b07a0d6, org.springframework.boot.test.autoconfigure.web.servlet.MockMvcPrintOnlyOnFailureTestExecutionListener@11a9e7c8, org.springframework.boot.test.autoconfigure.restdocs.RestDocsTestExecutionListener@3901d134, org.springframework.boot.test.autoconfigure.web.servlet.WebDriverTestExecutionListener@14d3bc22, org.springframework.boot.test.mock.mockito.MockitoTestExecutionListener@12d4bf7e]
2020-12-18 20:45:34,298 INFO org.springframework.boot.test.context.SpringBootTestContextBootstrapper [main] Neither @ContextConfiguration nor @ContextHierarchy found for test class [com.example.test.SpringBootTests], using SpringBootContextLoader
2020-12-18 20:45:34,313 INFO org.springframework.test.context.support.AbstractContextLoader [main] Could not detect default resource locations for test class [com.example.test.SpringBootTests]: no resource found for suffixes {-context.xml, Context.groovy}.
2020-12-18 20:45:34,313 INFO org.springframework.test.context.support.AnnotationConfigContextLoaderUtils [main] Could not detect default configuration classes for test class [com.example.test.SpringBootTests]: SpringBootTests does not declare any static, non-private, non-final, nested classes annotated with @Configuration.
2020-12-18 20:45:34,345 INFO org.springframework.boot.test.context.SpringBootTestContextBootstrapper [main] Found @SpringBootConfiguration com.example.ImptProjectApplication for test class com.example.test.SpringBootTests
2020-12-18 20:45:34,376 INFO org.springframework.boot.test.context.SpringBootTestContextBootstrapper [main] Loaded default TestExecutionListener class names from location [META-INF/spring.factories]: [org.springframework.boot.test.mock.mockito.MockitoTestExecutionListener, org.springframework.boot.test.mock.mockito.ResetMocksTestExecutionListener, org.springframework.boot.test.autoconfigure.restdocs.RestDocsTestExecutionListener, org.springframework.boot.test.autoconfigure.web.client.MockRestServiceServerResetTestExecutionListener, org.springframework.boot.test.autoconfigure.web.servlet.MockMvcPrintOnlyOnFailureTestExecutionListener, org.springframework.boot.test.autoconfigure.web.servlet.WebDriverTestExecutionListener, org.springframework.test.context.web.ServletTestExecutionListener, org.springframework.test.context.support.DirtiesContextBeforeModesTestExecutionListener, org.springframework.test.context.support.DependencyInjectionTestExecutionListener, org.springframework.test.context.support.DirtiesContextTestExecutionListener, org.springframework.test.context.transaction.TransactionalTestExecutionListener, org.springframework.test.context.jdbc.SqlScriptsTestExecutionListener]
2020-12-18 20:45:34,391 INFO org.springframework.boot.test.context.SpringBootTestContextBootstrapper [main] Using TestExecutionListeners: [org.springframework.test.context.web.ServletTestExecutionListener@6e0dec4a, org.springframework.test.context.support.DirtiesContextBeforeModesTestExecutionListener@96def03, org.springframework.boot.test.autoconfigure.SpringBootDependencyInjectionTestExecutionListener@5ccddd20, org.springframework.test.context.support.DirtiesContextTestExecutionListener@1ed1993a, org.springframework.test.context.transaction.TransactionalTestExecutionListener@1f3f4916, org.springframework.test.context.jdbc.SqlScriptsTestExecutionListener@794cb805, org.springframework.boot.test.mock.mockito.ResetMocksTestExecutionListener@4b5a5ed1, org.springframework.boot.test.autoconfigure.web.client.MockRestServiceServerResetTestExecutionListener@59d016c9, org.springframework.boot.test.autoconfigure.web.servlet.MockMvcPrintOnlyOnFailureTestExecutionListener@3cc2931c, org.springframework.boot.test.autoconfigure.restdocs.RestDocsTestExecutionListener@20d28811, org.springframework.boot.test.autoconfigure.web.servlet.WebDriverTestExecutionListener@3967e60c, org.springframework.boot.test.mock.mockito.MockitoTestExecutionListener@60d8c9b7]
2020-12-18 20:45:37,570 INFO com.example.test.SpringBootTests [main] Starting SpringBootTests on HP-PC with PID 8340 (started by HP in C:\Users\HP\Desktop\sbws\project\SBLogin)
2020-12-18 20:45:37,570 DEBUG com.example.test.SpringBootTests [main] Running with Spring Boot v1.5.9.RELEASE, Spring v4.3.3.RELEASE
2020-12-18 20:45:37,575 INFO com.example.test.SpringBootTests [main] No active profile set, falling back to default profiles: default
2020-12-18 20:45:44,090 INFO org.springframework.web.context.support.GenericWebApplicationContext [main] Refreshing org.springframework.web.context.support.GenericWebApplicationContext@24fcf36f: startup date [Fri Dec 18 20:45:44 IST 2020]; root of context hierarchy
2020-12-18 20:45:46,616 INFO org.hibernate.validator.internal.util.Version [background-preinit] HV000001: Hibernate Validator 5.3.6.Final
2020-12-18 20:45:48,933 INFO org.springframework.boot.admin.SpringApplicationAdminMXBeanRegistrar$SpringApplicationAdmin [RMI TCP Connection(24)-127.0.0.1] Application shutdown requested.
2020-12-18 20:45:48,933 INFO org.springframework.boot.context.embedded.AnnotationConfigEmbeddedWebApplicationContext [RMI TCP Connection(24)-127.0.0.1] Closing org.springframework.boot.context.embedded.AnnotationConfigEmbeddedWebApplicationContext@2cbb3d47: startup date [Fri Dec 18 20:36:06 IST 2020]; root of context hierarchy
2020-12-18 20:45:48,943 INFO org.springframework.jmx.export.annotation.AnnotationMBeanExporter [RMI TCP Connection(24)-127.0.0.1] Unregistering JMX-exposed beans on shutdown
2020-12-18 20:46:02,624 INFO org.springframework.web.servlet.mvc.method.annotation.RequestMappingHandlerAdapter [main] Looking for @ControllerAdvice: org.springframework.web.context.support.GenericWebApplicationContext@24fcf36f: startup date [Fri Dec 18 20:45:44 IST 2020]; root of context hierarchy
2020-12-18 20:46:03,245 INFO org.springframework.web.servlet.mvc.method.annotation.RequestMappingHandlerMapping [main] Mapped "{[/logout],methods=[GET]}" onto public org.springframework.web.servlet.ModelAndView com.example.controller.MyController.logoutPage(javax.servlet.http.HttpServletRequest,javax.servlet.http.HttpServletResponse,org.springframework.ui.Model,javax.servlet.http.HttpSession)
2020-12-18 20:46:03,245 INFO org.springframework.web.servlet.mvc.method.annotation.RequestMappingHandlerMapping [main] Mapped "{[/login],methods=[GET]}" onto public org.springframework.web.servlet.ModelAndView com.example.controller.MyController.loginForm(org.springframework.ui.Model,javax.servlet.http.HttpSession)
2020-12-18 20:46:03,245 INFO org.springframework.web.servlet.mvc.method.annotation.RequestMappingHandlerMapping [main] Mapped "{[/]}" onto public org.springframework.web.servlet.ModelAndView com.example.controller.MyController.homePage(org.springframework.ui.Model,javax.servlet.http.HttpSession)
2020-12-18 20:46:03,245 INFO org.springframework.web.servlet.mvc.method.annotation.RequestMappingHandlerMapping [main] Mapped "{[/validateUser],methods=[POST]}" onto public org.springframework.web.servlet.ModelAndView com.example.controller.MyController.validateUser(org.springframework.ui.ModelMap,com.example.pojo.Login,org.springframework.validation.BindingResult,javax.servlet.http.HttpSession)
2020-12-18 20:46:03,245 INFO org.springframework.web.servlet.mvc.method.annotation.RequestMappingHandlerMapping [main] Mapped "{[/githubUserInfoPage],methods=[POST]}" onto public org.springframework.web.servlet.ModelAndView com.example.controller.MyController.githubUserInfoPage(org.springframework.ui.Model,com.example.pojo.Login,org.springframework.validation.BindingResult,com.example.user.GithubUser,javax.servlet.http.HttpSession)
2020-12-18 20:46:03,245 INFO org.springframework.web.servlet.mvc.method.annotation.RequestMappingHandlerMapping [main] Mapped "{[/error]}" onto public java.lang.String com.example.controller.MyErrorController.handleError(javax.servlet.http.HttpServletRequest)
2020-12-18 20:46:03,494 INFO org.springframework.web.servlet.handler.SimpleUrlHandlerMapping [main] Mapped URL path [/webjars/**] onto handler of type [class org.springframework.web.servlet.resource.ResourceHttpRequestHandler]
2020-12-18 20:46:03,494 INFO org.springframework.web.servlet.handler.SimpleUrlHandlerMapping [main] Mapped URL path [/**] onto handler of type [class org.springframework.web.servlet.resource.ResourceHttpRequestHandler]
2020-12-18 20:46:03,775 INFO org.springframework.web.servlet.handler.SimpleUrlHandlerMapping [main] Mapped URL path [/**/favicon.ico] onto handler of type [class org.springframework.web.servlet.resource.ResourceHttpRequestHandler]
2020-12-18 20:46:04,072 WARN org.thymeleaf.templatemode.TemplateMode [main] [THYMELEAF][main] Template Mode 'HTML5' is deprecated. Using Template Mode 'HTML' instead.
2020-12-18 20:46:06,751 INFO org.springframework.boot.autoconfigure.web.WebMvcAutoConfiguration$WelcomePageHandlerMapping [main] Adding welcome page: class path resource [static/index.html]
2020-12-18 20:46:08,032 INFO com.example.test.SpringBootTests [main] Started SpringBootTests in 32.474 seconds (JVM running for 40.885)
2020-12-18 20:46:16,249 INFO org.springframework.web.context.support.GenericWebApplicationContext [Thread-3] Closing org.springframework.web.context.support.GenericWebApplicationContext@24fcf36f: startup date [Fri Dec 18 20:45:44 IST 2020]; root of context hierarchy
2020-12-18 20:46:39,485 INFO com.example.ImptProjectApplication [main] Starting ImptProjectApplication on HP-PC with PID 8916 (C:\Users\HP\Desktop\sbws\project\SBLogin\target\classes started by HP in C:\Users\HP\Desktop\sbws\project\SBLogin)
2020-12-18 20:46:39,500 DEBUG com.example.ImptProjectApplication [main] Running with Spring Boot v1.5.9.RELEASE, Spring v4.3.3.RELEASE
2020-12-18 20:46:39,500 INFO com.example.ImptProjectApplication [main] No active profile set, falling back to default profiles: default
2020-12-18 20:46:41,930 INFO org.springframework.boot.context.embedded.AnnotationConfigEmbeddedWebApplicationContext [main] Refreshing org.springframework.boot.context.embedded.AnnotationConfigEmbeddedWebApplicationContext@6e75aa0d: startup date [Fri Dec 18 20:46:41 IST 2020]; root of context hierarchy
2020-12-18 20:46:42,720 INFO org.hibernate.validator.internal.util.Version [background-preinit] HV000001: Hibernate Validator 5.3.6.Final
2020-12-18 20:46:54,800 INFO org.springframework.boot.context.embedded.tomcat.TomcatEmbeddedServletContainer [main] Tomcat initialized with port(s): 5002 (http)
2020-12-18 20:46:54,870 INFO org.apache.catalina.core.StandardService [main] Starting service [Tomcat]
2020-12-18 20:46:54,875 INFO org.apache.catalina.core.StandardEngine [main] Starting Servlet Engine: Apache Tomcat/8.5.23
2020-12-18 20:46:55,520 INFO org.apache.catalina.core.ContainerBase.[Tomcat].[localhost].[/] [localhost-startStop-1] Initializing Spring embedded WebApplicationContext
2020-12-18 20:46:55,525 INFO org.springframework.web.context.ContextLoader [localhost-startStop-1] Root WebApplicationContext: initialization completed in 13600 ms
2020-12-18 20:46:57,000 INFO org.springframework.boot.web.servlet.ServletRegistrationBean [localhost-startStop-1] Mapping servlet: 'dispatcherServlet' to [/]
2020-12-18 20:46:57,020 INFO org.springframework.boot.web.servlet.FilterRegistrationBean [localhost-startStop-1] Mapping filter: 'characterEncodingFilter' to: [/*]
2020-12-18 20:46:57,025 INFO org.springframework.boot.web.servlet.FilterRegistrationBean [localhost-startStop-1] Mapping filter: 'hiddenHttpMethodFilter' to: [/*]
2020-12-18 20:46:57,025 INFO org.springframework.boot.web.servlet.FilterRegistrationBean [localhost-startStop-1] Mapping filter: 'httpPutFormContentFilter' to: [/*]
2020-12-18 20:46:57,025 INFO org.springframework.boot.web.servlet.FilterRegistrationBean [localhost-startStop-1] Mapping filter: 'requestContextFilter' to: [/*]
2020-12-18 20:46:58,605 INFO org.springframework.web.servlet.mvc.method.annotation.RequestMappingHandlerAdapter [main] Looking for @ControllerAdvice: org.springframework.boot.context.embedded.AnnotationConfigEmbeddedWebApplicationContext@6e75aa0d: startup date [Fri Dec 18 20:46:41 IST 2020]; root of context hierarchy
2020-12-18 20:46:58,950 INFO org.springframework.web.servlet.mvc.method.annotation.RequestMappingHandlerMapping [main] Mapped "{[/githubUserInfoPage],methods=[POST]}" onto public org.springframework.web.servlet.ModelAndView com.example.controller.MyController.githubUserInfoPage(org.springframework.ui.Model,com.example.pojo.Login,org.springframework.validation.BindingResult,com.example.user.GithubUser,javax.servlet.http.HttpSession)
2020-12-18 20:46:58,955 INFO org.springframework.web.servlet.mvc.method.annotation.RequestMappingHandlerMapping [main] Mapped "{[/]}" onto public org.springframework.web.servlet.ModelAndView com.example.controller.MyController.homePage(org.springframework.ui.Model,javax.servlet.http.HttpSession)
2020-12-18 20:46:58,955 INFO org.springframework.web.servlet.mvc.method.annotation.RequestMappingHandlerMapping [main] Mapped "{[/login],methods=[GET]}" onto public org.springframework.web.servlet.ModelAndView com.example.controller.MyController.loginForm(org.springframework.ui.Model,javax.servlet.http.HttpSession)
2020-12-18 20:46:58,955 INFO org.springframework.web.servlet.mvc.method.annotation.RequestMappingHandlerMapping [main] Mapped "{[/validateUser],methods=[POST]}" onto public org.springframework.web.servlet.ModelAndView com.example.controller.MyController.validateUser(org.springframework.ui.ModelMap,com.example.pojo.Login,org.springframework.validation.BindingResult,javax.servlet.http.HttpSession)
2020-12-18 20:46:58,960 INFO org.springframework.web.servlet.mvc.method.annotation.RequestMappingHandlerMapping [main] Mapped "{[/logout],methods=[GET]}" onto public org.springframework.web.servlet.ModelAndView com.example.controller.MyController.logoutPage(javax.servlet.http.HttpServletRequest,javax.servlet.http.HttpServletResponse,org.springframework.ui.Model,javax.servlet.http.HttpSession)
2020-12-18 20:46:58,960 INFO org.springframework.web.servlet.mvc.method.annotation.RequestMappingHandlerMapping [main] Mapped "{[/error]}" onto public java.lang.String com.example.controller.MyErrorController.handleError(javax.servlet.http.HttpServletRequest)
2020-12-18 20:46:59,140 INFO org.springframework.web.servlet.handler.SimpleUrlHandlerMapping [main] Mapped URL path [/webjars/**] onto handler of type [class org.springframework.web.servlet.resource.ResourceHttpRequestHandler]
2020-12-18 20:46:59,145 INFO org.springframework.web.servlet.handler.SimpleUrlHandlerMapping [main] Mapped URL path [/**] onto handler of type [class org.springframework.web.servlet.resource.ResourceHttpRequestHandler]
2020-12-18 20:46:59,345 INFO org.springframework.web.servlet.handler.SimpleUrlHandlerMapping [main] Mapped URL path [/**/favicon.ico] onto handler of type [class org.springframework.web.servlet.resource.ResourceHttpRequestHandler]
2020-12-18 20:46:59,550 WARN org.thymeleaf.templatemode.TemplateMode [main] [THYMELEAF][main] Template Mode 'HTML5' is deprecated. Using Template Mode 'HTML' instead.
2020-12-18 20:47:01,050 INFO org.springframework.boot.autoconfigure.web.WebMvcAutoConfiguration$WelcomePageHandlerMapping [main] Adding welcome page: class path resource [static/index.html]
2020-12-18 20:47:01,860 INFO org.springframework.jmx.export.annotation.AnnotationMBeanExporter [main] Registering beans for JMX exposure on startup
2020-12-18 20:47:02,060 INFO org.apache.coyote.http11.Http11NioProtocol [main] Initializing ProtocolHandler ["http-nio-5002"]
2020-12-18 20:47:02,100 INFO org.apache.coyote.http11.Http11NioProtocol [main] Starting ProtocolHandler ["http-nio-5002"]
2020-12-18 20:47:02,175 INFO org.apache.tomcat.util.net.NioSelectorPool [main] Using a shared selector for servlet write/read
2020-12-18 20:47:02,270 INFO org.springframework.boot.context.embedded.tomcat.TomcatEmbeddedServletContainer [main] Tomcat started on port(s): 5002 (http)
2020-12-18 20:47:02,295 INFO com.example.ImptProjectApplication [main] Started ImptProjectApplication in 26.295 seconds (JVM running for 36.105)
2020-12-18 20:47:10,915 INFO org.apache.catalina.core.ContainerBase.[Tomcat].[localhost].[/] [http-nio-5002-exec-1] Initializing Spring FrameworkServlet 'dispatcherServlet'
2020-12-18 20:47:10,915 INFO org.springframework.web.servlet.DispatcherServlet [http-nio-5002-exec-1] FrameworkServlet 'dispatcherServlet': initialization started
2020-12-18 20:47:11,040 INFO org.springframework.web.servlet.DispatcherServlet [http-nio-5002-exec-1] FrameworkServlet 'dispatcherServlet': initialization completed in 125 ms
2020-12-18 20:47:11,250 ERROR com.example.controller.MyErrorController [http-nio-5002-exec-1] Error Page Request Handle!!! 
2020-12-18 20:47:11,250 ERROR com.example.controller.MyErrorController [http-nio-5002-exec-1] Error Status Code -->404
2020-12-18 20:47:24,011 INFO com.example.controller.MyController [http-nio-5002-exec-7] homePage()
2020-12-18 20:47:36,796 INFO com.example.controller.MyController [http-nio-5002-exec-4] GitHub Full Link is   : https://api.github.com/users/lalkdakfmak
2020-12-18 20:47:39,041 ERROR com.example.controller.MyController [http-nio-5002-exec-4] HttpClientErrorException occurred 
2020-12-18 20:48:00,963 INFO com.example.controller.MyController [http-nio-5002-exec-8] GitHub Full Link is   : https://api.github.com/users/vvijaycse97
2020-12-18 20:48:01,648 INFO com.example.controller.MyController [http-nio-5002-exec-8] User Details:    GithubUser [login=vvijaycse97, email=null, company=null, location=null, createdAt=2018-11-02T14:07:47Z, updatedAt=2020-11-10T01:13:44Z, publicRepos=2]
2020-12-18 20:48:01,648 INFO com.example.controller.MyController [http-nio-5002-exec-8] user entered github user login name  -->vvijaycse97
2020-12-18 20:48:01,648 INFO com.example.controller.MyController [http-nio-5002-exec-8]  github api user login name   -->vvijaycse97
2020-12-18 20:48:42,009 INFO com.example.controller.MyController [http-nio-5002-exec-3] GitHub Full Link is   : https://api.github.com/users/JahnelGroup
2020-12-18 20:48:42,739 INFO com.example.controller.MyController [http-nio-5002-exec-3] User Details:    GithubUser [login=JahnelGroup, email=accounts@jahnelgroup.com, company=null, location=New York, createdAt=2016-02-04T20:32:35Z, updatedAt=2020-12-14T21:13:39Z, publicRepos=32]
2020-12-18 20:48:42,739 INFO com.example.controller.MyController [http-nio-5002-exec-3] user entered github user login name  -->JahnelGroup
2020-12-18 20:48:42,744 INFO com.example.controller.MyController [http-nio-5002-exec-3]  github api user login name   -->JahnelGroup
2020-12-18 20:48:49,429 INFO com.example.controller.MyController [http-nio-5002-exec-7] Inside logoutPage()
2020-12-18 20:48:51,189 INFO com.example.controller.MyController [http-nio-5002-exec-9] loginForm()
2020-12-18 20:49:06,719 INFO com.example.controller.MyController [http-nio-5002-exec-6] GitHub Full Link is   : https://api.github.com/users/vvijaycse97
2020-12-18 20:49:07,464 INFO com.example.controller.MyController [http-nio-5002-exec-6] User Details:    GithubUser [login=vvijaycse97, email=null, company=null, location=null, createdAt=2018-11-02T14:07:47Z, updatedAt=2020-11-10T01:13:44Z, publicRepos=2]
2020-12-18 20:49:07,464 INFO com.example.controller.MyController [http-nio-5002-exec-6] user entered github user login name  -->vvijaycse97
2020-12-18 20:49:07,464 INFO com.example.controller.MyController [http-nio-5002-exec-6]  github api user login name   -->vvijaycse97
2020-12-18 20:49:23,704 INFO com.example.controller.MyController [http-nio-5002-exec-8] Inside logoutPage()
